2024-04-01 22:27:36,697:DEBUG:asyncio:Using proactor: IocpProactor
2024-04-01 22:34:30,455:DEBUG:asyncio:Using proactor: IocpProactor
2024-04-02 19:58:43,667:ERROR:TeleBot:Aiohttp ClientError: ServerDisconnectedError
2024-04-02 19:58:43,709:ERROR:TeleBot:Unhandled exception (full traceback for debug level): Request timeout. Request: method=get url=getUpdates params=<aiohttp.formdata.FormData object at 0x00000193971F1790> files=None request_timeout=300
2024-04-02 21:41:34,726:DEBUG:asyncio:Using proactor: IocpProactor
2024-04-03 01:43:50,636:DEBUG:asyncio:Using proactor: IocpProactor
2024-04-03 04:18:57,006:INFO:root:user : @cryptoserie90 requested a withdrawal of : 4354 to wallet E13AqtmZ3tqjKGDvv57CPHozRE1g2BCcqoMhCAH5zwxt
2024-04-03 04:19:06,117:INFO:root:user : @cryptoserie90 requested a withdrawal of : 4354 to wallet E13AqtmZ3tqjKGDvv57CPHozRE1g2BCcqoMhCAH5zwxt
2024-04-03 04:20:33,291:INFO:root:user : @trinityX147 requested a withdrawal of : 54307 to wallet 97t56MCU1QhnUtAAGtFMaGTPYq2N9VtH9gpGThJ1EGy
2024-04-03 04:25:40,843:INFO:root:user : @trinityX147 requested a withdrawal of : 54307 to wallet 97t56MCU1QhnUtAAGtFMaGTPYq2N9VtH9gpGThJ1EGy
2024-04-03 04:26:43,663:INFO:root:user : @cryptoserie90 requested a withdrawal of : 4863 to wallet E13AqtmZ3tqjKGDvv57CPHozRE1g2BCcqoMhCAH5zwxt
2024-04-03 04:29:38,207:INFO:root:user : @bahamassss requested a withdrawal of : 509 to wallet Gryp39vaKHbtD5pa46oYpjfvjdiwvUpnjtifTtvTCu7i
2024-04-03 04:29:49,808:INFO:root:user : @bahamassss requested a withdrawal of : 509 to wallet Gryp39vaKHbtD5pa46oYpjfvjdiwvUpnjtifTtvTCu7i
2024-04-03 04:29:56,425:INFO:root:user : @bahamassss requested a withdrawal of : 509 to wallet Gryp39vaKHbtD5pa46oYpjfvjdiwvUpnjtifTtvTCu7i
2024-04-03 04:30:12,866:INFO:root:user : @bahamassss requested a withdrawal of : 509 to wallet Gryp39vaKHbtD5pa46oYpjfvjdiwvUpnjtifTtvTCu7i
2024-04-03 04:31:57,606:INFO:root:user : @bahamassss requested a withdrawal of : 509 to wallet Gryp39vaKHbtD5pa46oYpjfvjdiwvUpnjtifTtvTCu7i
2024-04-03 04:33:38,176:INFO:root:user : @bahamassss requested a withdrawal of : 250509 to wallet Gryp39vaKHbtD5pa46oYpjfvjdiwvUpnjtifTtvTCu7i
2024-04-03 04:34:50,773:INFO:root:user : @bahamassss requested a withdrawal of : 250509 to wallet Gryp39vaKHbtD5pa46oYpjfvjdiwvUpnjtifTtvTCu7i
2024-04-03 04:37:36,834:INFO:root:user : @whalerealeth requested a withdrawal of : 250000 to wallet Fk7FaPTtYYZU2ssEPXcghDKWR6m2F8nziZsCVywsJ9Jp
2024-04-03 04:38:38,378:INFO:root:user : @CrypCon1 requested a withdrawal of : 4863 to wallet 8qa8A9gHkP98rithqNm3jYxWatrS8PbW92BDzwicHMZY
2024-04-03 04:38:51,194:INFO:root:user : @CrypCon1 requested a withdrawal of : 4863 to wallet 8qa8A9gHkP98rithqNm3jYxWatrS8PbW92BDzwicHMZY
2024-04-03 04:40:02,228:INFO:root:user : @CrypCon1 requested a withdrawal of : 4863 to wallet 8qa8A9gHkP98rithqNm3jYxWatrS8PbW92BDzwicHMZY
2024-04-03 04:42:03,839:INFO:root:user : @CrypCon1 requested a withdrawal of : 4863 to wallet 8qa8A9gHkP98rithqNm3jYxWatrS8PbW92BDzwicHMZY
2024-04-03 04:42:12,211:INFO:root:user : @CrypCon1 requested a withdrawal of : 4863 to wallet 8qa8A9gHkP98rithqNm3jYxWatrS8PbW92BDzwicHMZY
2024-04-03 04:42:29,254:INFO:root:user : @Maanumannu requested a withdrawal of : 1000018072 to wallet 4WxWGAWyFguHKnez9VQRJY5XBF2sS9vthrmrGNQWLLon
2024-04-03 04:43:46,782:INFO:root:user : @Maanumannu requested a withdrawal of : 1000018072 to wallet 4WxWGAWyFguHKnez9VQRJY5XBF2sS9vthrmrGNQWLLon
2024-04-03 04:47:08,012:INFO:root:user : @trinityX147 requested a withdrawal of : 154307 to wallet 97t56MCU1QhnUtAAGtFMaGTPYq2N9VtH9gpGThJ1EGy
2024-04-03 04:51:10,308:INFO:root:user : @CrypCon1 requested a withdrawal of : 4863 to wallet 8qa8A9gHkP98rithqNm3jYxWatrS8PbW92BDzwicHMZY
2024-04-03 04:59:25,503:INFO:root:user : @Maanumannu requested a withdrawal of : 1000018701 to wallet 4WxWGAWyFguHKnez9VQRJY5XBF2sS9vthrmrGNQWLLon
2024-04-03 04:59:34,106:INFO:root:user : @Maanumannu requested a withdrawal of : 1000018701 to wallet 4WxWGAWyFguHKnez9VQRJY5XBF2sS9vthrmrGNQWLLon
2024-04-03 05:00:57,175:INFO:root:user : @Danktastic_21 requested a withdrawal of : 629 to wallet 2xBtZGchsmw3uwnNfQ8uY1LBpcVFCZXGeVtCGNdAXqWq
2024-04-03 05:01:09,340:INFO:root:user : @Danktastic_21 requested a withdrawal of : 629 to wallet 2xBtZGchsmw3uwnNfQ8uY1LBpcVFCZXGeVtCGNdAXqWq
2024-04-03 05:02:59,961:INFO:root:user : @bahamassss requested a withdrawal of : 357 to wallet Gryp39vaKHbtD5pa46oYpjfvjdiwvUpnjtifTtvTCu7i
2024-04-03 05:03:45,275:INFO:root:user : @Danktastic_21 requested a withdrawal of : 10629 to wallet 2xBtZGchsmw3uwnNfQ8uY1LBpcVFCZXGeVtCGNdAXqWq
2024-04-03 05:04:06,976:INFO:root:user : @Maanumannu requested a withdrawal of : 1000028701 to wallet 4WxWGAWyFguHKnez9VQRJY5XBF2sS9vthrmrGNQWLLon
2024-04-03 05:05:37,909:INFO:root:user : @zedrt58 requested a withdrawal of : 10000 to wallet Dh2BkhZTseEGQaZNrxcQLGJwEFQcV3DNNiHaT3zcQy7p
2024-04-03 05:05:42,957:INFO:root:user : @zedrt58 requested a withdrawal of : 10000 to wallet Dh2BkhZTseEGQaZNrxcQLGJwEFQcV3DNNiHaT3zcQy7p
2024-04-03 05:05:59,903:INFO:root:user : @zedrt58 requested a withdrawal of : 10000 to wallet Dh2BkhZTseEGQaZNrxcQLGJwEFQcV3DNNiHaT3zcQy7p
2024-04-03 05:06:03,954:INFO:root:user : @zedrt58 requested a withdrawal of : 10000 to wallet Dh2BkhZTseEGQaZNrxcQLGJwEFQcV3DNNiHaT3zcQy7p
2024-04-03 05:06:06,812:INFO:root:user : @zedrt58 requested a withdrawal of : 10000 to wallet Dh2BkhZTseEGQaZNrxcQLGJwEFQcV3DNNiHaT3zcQy7p
2024-04-03 05:06:09,867:INFO:root:user : @zedrt58 requested a withdrawal of : 10000 to wallet Dh2BkhZTseEGQaZNrxcQLGJwEFQcV3DNNiHaT3zcQy7p
2024-04-03 05:06:18,087:INFO:root:user : @zedrt58 requested a withdrawal of : 10000 to wallet Dh2BkhZTseEGQaZNrxcQLGJwEFQcV3DNNiHaT3zcQy7p
2024-04-03 05:06:21,300:INFO:root:user : @zedrt58 requested a withdrawal of : 10000 to wallet Dh2BkhZTseEGQaZNrxcQLGJwEFQcV3DNNiHaT3zcQy7p
2024-04-03 05:06:24,508:INFO:root:user : @zedrt58 requested a withdrawal of : 25789 to wallet Dh2BkhZTseEGQaZNrxcQLGJwEFQcV3DNNiHaT3zcQy7p
2024-04-03 05:06:28,391:INFO:root:user : @zedrt58 requested a withdrawal of : 25789 to wallet Dh2BkhZTseEGQaZNrxcQLGJwEFQcV3DNNiHaT3zcQy7p
2024-04-03 05:06:42,961:INFO:root:user : @zedrt58 requested a withdrawal of : 25789 to wallet Dh2BkhZTseEGQaZNrxcQLGJwEFQcV3DNNiHaT3zcQy7p
2024-04-03 05:07:16,749:INFO:root:user : @Danktastic_21 requested a withdrawal of : 10629 to wallet 2xBtZGchsmw3uwnNfQ8uY1LBpcVFCZXGeVtCGNdAXqWq
2024-04-03 05:07:43,007:INFO:root:user : @zedrt58 requested a withdrawal of : 25789 to wallet Dh2BkhZTseEGQaZNrxcQLGJwEFQcV3DNNiHaT3zcQy7p
2024-04-03 05:07:45,816:INFO:root:user : @zedrt58 requested a withdrawal of : 25789 to wallet Dh2BkhZTseEGQaZNrxcQLGJwEFQcV3DNNiHaT3zcQy7p
2024-04-03 05:07:49,188:INFO:root:user : @zedrt58 requested a withdrawal of : 25789 to wallet Dh2BkhZTseEGQaZNrxcQLGJwEFQcV3DNNiHaT3zcQy7p
2024-04-03 05:09:25,187:INFO:root:user : @zedrt58 requested a withdrawal of : 27649 to wallet Dh2BkhZTseEGQaZNrxcQLGJwEFQcV3DNNiHaT3zcQy7p
2024-04-03 05:09:50,223:INFO:root:user : @zedrt58 requested a withdrawal of : 27649 to wallet Dh2BkhZTseEGQaZNrxcQLGJwEFQcV3DNNiHaT3zcQy7p
2024-04-03 05:09:57,029:INFO:root:user : @Danktastic_21 requested a withdrawal of : 12489 to wallet 2xBtZGchsmw3uwnNfQ8uY1LBpcVFCZXGeVtCGNdAXqWq
2024-04-03 05:11:49,503:INFO:root:user : @zedrt58 requested a withdrawal of : 27800 to wallet Dh2BkhZTseEGQaZNrxcQLGJwEFQcV3DNNiHaT3zcQy7p
2024-04-03 05:12:24,080:INFO:root:user : @zubi1988 requested a withdrawal of : 28429 to wallet 9dt5iLRPC2ZdXkm7azmA5XzEEnmhnWR8DN5hxej8k1BA
2024-04-03 05:13:01,155:INFO:root:user : @trinityX147 requested a withdrawal of : 166524 to wallet 97t56MCU1QhnUtAAGtFMaGTPYq2N9VtH9gpGThJ1EGy
2024-04-03 05:13:11,455:INFO:root:user : @zedrt58 requested a withdrawal of : 27800 to wallet Dh2BkhZTseEGQaZNrxcQLGJwEFQcV3DNNiHaT3zcQy7p
2024-04-03 05:13:44,665:INFO:root:user : @zedrt58 requested a withdrawal of : 27800 to wallet Dh2BkhZTseEGQaZNrxcQLGJwEFQcV3DNNiHaT3zcQy7p
2024-04-03 05:13:48,429:INFO:root:user : @zedrt58 requested a withdrawal of : 27800 to wallet Dh2BkhZTseEGQaZNrxcQLGJwEFQcV3DNNiHaT3zcQy7p
2024-04-03 05:14:44,399:INFO:root:user : @zedrt58 requested a withdrawal of : 27800 to wallet Dh2BkhZTseEGQaZNrxcQLGJwEFQcV3DNNiHaT3zcQy7p
2024-04-03 05:16:39,296:INFO:root:user : @zedrt58 requested a withdrawal of : 27800 to wallet Dh2BkhZTseEGQaZNrxcQLGJwEFQcV3DNNiHaT3zcQy7p
2024-04-03 05:17:24,509:INFO:root:user : @zedrt58 requested a withdrawal of : 27800 to wallet Dh2BkhZTseEGQaZNrxcQLGJwEFQcV3DNNiHaT3zcQy7p
2024-04-03 05:18:48,143:INFO:root:user : @trinityX147 requested a withdrawal of : 166524 to wallet 97t56MCU1QhnUtAAGtFMaGTPYq2N9VtH9gpGThJ1EGy
2024-04-03 05:19:17,546:INFO:root:user : @cryptoserie90 requested a withdrawal of : 28072 to wallet E13AqtmZ3tqjKGDvv57CPHozRE1g2BCcqoMhCAH5zwxt
2024-04-03 05:19:46,277:INFO:root:user : @zedrt58 requested a withdrawal of : 27800 to wallet Dh2BkhZTseEGQaZNrxcQLGJwEFQcV3DNNiHaT3zcQy7p
2024-04-03 05:21:01,320:INFO:root:user : @bahamassss requested a withdrawal of : 28006 to wallet Gryp39vaKHbtD5pa46oYpjfvjdiwvUpnjtifTtvTCu7i
2024-04-03 05:21:02,054:INFO:root:user : @Maanumannu requested a withdrawal of : 1000046378 to wallet 4WxWGAWyFguHKnez9VQRJY5XBF2sS9vthrmrGNQWLLon
2024-04-03 05:21:55,190:INFO:root:user : @zedrt58 requested a withdrawal of : 27800 to wallet Dh2BkhZTseEGQaZNrxcQLGJwEFQcV3DNNiHaT3zcQy7p
2024-04-03 05:22:05,226:INFO:root:user : @zedrt58 requested a withdrawal of : 27800 to wallet Dh2BkhZTseEGQaZNrxcQLGJwEFQcV3DNNiHaT3zcQy7p
2024-04-03 05:24:20,127:INFO:root:user : @Maanumannu requested a withdrawal of : 1000046378 to wallet 4WxWGAWyFguHKnez9VQRJY5XBF2sS9vthrmrGNQWLLon
2024-04-03 05:24:46,351:INFO:root:user : @Danktastic_21 requested a withdrawal of : 12668 to wallet 2xBtZGchsmw3uwnNfQ8uY1LBpcVFCZXGeVtCGNdAXqWq
2024-04-03 05:27:11,268:INFO:root:user : @cryptoserie90 requested a withdrawal of : 28072 to wallet E13AqtmZ3tqjKGDvv57CPHozRE1g2BCcqoMhCAH5zwxt
2024-04-03 05:27:46,384:INFO:root:user : @Danktastic_21 requested a withdrawal of : 12668 to wallet 2xBtZGchsmw3uwnNfQ8uY1LBpcVFCZXGeVtCGNdAXqWq
2024-04-03 05:30:08,895:INFO:root:user : @zedrt58 requested a withdrawal of : 27800 to wallet Dh2BkhZTseEGQaZNrxcQLGJwEFQcV3DNNiHaT3zcQy7p
2024-04-03 05:30:12,379:INFO:root:user : @zedrt58 requested a withdrawal of : 27800 to wallet Dh2BkhZTseEGQaZNrxcQLGJwEFQcV3DNNiHaT3zcQy7p
2024-04-03 05:31:15,999:INFO:root:user : @zedrt58 requested a withdrawal of : 27800 to wallet Dh2BkhZTseEGQaZNrxcQLGJwEFQcV3DNNiHaT3zcQy7p
2024-04-03 05:32:12,780:INFO:root:user : @bigromio requested a withdrawal of : 352 to wallet 745PKx8JxKXZCd5RSYjDAiRG2eiyK5B1DSpWxKfEq7q3
2024-04-03 05:32:21,286:INFO:root:user : @bigromio requested a withdrawal of : 352 to wallet 745PKx8JxKXZCd5RSYjDAiRG2eiyK5B1DSpWxKfEq7q3
2024-04-03 05:32:28,192:INFO:root:user : @bigromio requested a withdrawal of : 352 to wallet 745PKx8JxKXZCd5RSYjDAiRG2eiyK5B1DSpWxKfEq7q3
2024-04-03 05:32:31,159:INFO:root:user : @bigromio requested a withdrawal of : 352 to wallet 745PKx8JxKXZCd5RSYjDAiRG2eiyK5B1DSpWxKfEq7q3
2024-04-03 05:32:33,434:INFO:root:user : @bigromio requested a withdrawal of : 352 to wallet 745PKx8JxKXZCd5RSYjDAiRG2eiyK5B1DSpWxKfEq7q3
2024-04-03 05:32:36,366:INFO:root:user : @bigromio requested a withdrawal of : 352 to wallet 745PKx8JxKXZCd5RSYjDAiRG2eiyK5B1DSpWxKfEq7q3
2024-04-03 05:32:37,960:INFO:root:user : @zedrt58 requested a withdrawal of : 30300 to wallet Dh2BkhZTseEGQaZNrxcQLGJwEFQcV3DNNiHaT3zcQy7p
2024-04-03 05:32:39,086:INFO:root:user : @bigromio requested a withdrawal of : 352 to wallet 745PKx8JxKXZCd5RSYjDAiRG2eiyK5B1DSpWxKfEq7q3
2024-04-03 05:32:41,372:INFO:root:user : @zedrt58 requested a withdrawal of : 30300 to wallet Dh2BkhZTseEGQaZNrxcQLGJwEFQcV3DNNiHaT3zcQy7p
2024-04-03 05:32:45,670:INFO:root:user : @bigromio requested a withdrawal of : 352 to wallet 745PKx8JxKXZCd5RSYjDAiRG2eiyK5B1DSpWxKfEq7q3
2024-04-03 05:32:53,909:INFO:root:user : @bigromio requested a withdrawal of : 352 to wallet 745PKx8JxKXZCd5RSYjDAiRG2eiyK5B1DSpWxKfEq7q3
2024-04-03 05:32:59,440:INFO:root:user : @bigromio requested a withdrawal of : 352 to wallet 745PKx8JxKXZCd5RSYjDAiRG2eiyK5B1DSpWxKfEq7q3
2024-04-03 05:33:28,296:INFO:root:user : @Danktastic_21 requested a withdrawal of : 13020 to wallet 2xBtZGchsmw3uwnNfQ8uY1LBpcVFCZXGeVtCGNdAXqWq
2024-04-03 05:33:43,035:INFO:root:user : @cryptoserie90 requested a withdrawal of : 28072 to wallet E13AqtmZ3tqjKGDvv57CPHozRE1g2BCcqoMhCAH5zwxt
2024-04-03 05:33:48,308:INFO:root:user : @bigromio requested a withdrawal of : 352 to wallet 745PKx8JxKXZCd5RSYjDAiRG2eiyK5B1DSpWxKfEq7q3
2024-04-03 05:34:02,222:INFO:root:user : @zedrt58 requested a withdrawal of : 30300 to wallet Dh2BkhZTseEGQaZNrxcQLGJwEFQcV3DNNiHaT3zcQy7p
2024-04-03 05:35:51,757:INFO:root:user : @cryptoserie90 requested a withdrawal of : 28072 to wallet E13AqtmZ3tqjKGDvv57CPHozRE1g2BCcqoMhCAH5zwxt
2024-04-03 05:36:19,127:INFO:root:user : @zedrt58 requested a withdrawal of : 30300 to wallet Dh2BkhZTseEGQaZNrxcQLGJwEFQcV3DNNiHaT3zcQy7p
2024-04-03 05:36:23,081:INFO:root:user : @zedrt58 requested a withdrawal of : 30300 to wallet Dh2BkhZTseEGQaZNrxcQLGJwEFQcV3DNNiHaT3zcQy7p
2024-04-03 05:37:05,320:INFO:root:user : @CrypCon1 requested a withdrawal of : 16995 to wallet 8qa8A9gHkP98rithqNm3jYxWatrS8PbW92BDzwicHMZY
2024-04-03 05:37:56,197:INFO:root:user : @CrypCon1 requested a withdrawal of : 38271 to wallet 8qa8A9gHkP98rithqNm3jYxWatrS8PbW92BDzwicHMZY
2024-04-03 05:38:12,545:INFO:root:user : @cryptoserie90 requested a withdrawal of : 49348 to wallet E13AqtmZ3tqjKGDvv57CPHozRE1g2BCcqoMhCAH5zwxt
2024-04-03 05:38:22,791:INFO:root:user : @zedrt58 requested a withdrawal of : 51576 to wallet Dh2BkhZTseEGQaZNrxcQLGJwEFQcV3DNNiHaT3zcQy7p
2024-04-03 05:38:23,229:INFO:root:user : @bahamassss requested a withdrawal of : 28006 to wallet Gryp39vaKHbtD5pa46oYpjfvjdiwvUpnjtifTtvTCu7i
2024-04-03 05:40:02,739:INFO:root:user : @zedrt58 requested a withdrawal of : 51576 to wallet Dh2BkhZTseEGQaZNrxcQLGJwEFQcV3DNNiHaT3zcQy7p
2024-04-03 05:41:10,840:INFO:root:user : @zedrt58 requested a withdrawal of : 51592 to wallet Dh2BkhZTseEGQaZNrxcQLGJwEFQcV3DNNiHaT3zcQy7p
2024-04-03 05:44:40,216:INFO:root:user : @zedrt58 requested a withdrawal of : 51592 to wallet Dh2BkhZTseEGQaZNrxcQLGJwEFQcV3DNNiHaT3zcQy7p
2024-04-03 05:48:17,972:INFO:root:user : @zedrt58 requested a withdrawal of : 51679 to wallet Dh2BkhZTseEGQaZNrxcQLGJwEFQcV3DNNiHaT3zcQy7p
2024-04-03 05:50:31,836:INFO:root:user : @zedrt58 requested a withdrawal of : 51679 to wallet Dh2BkhZTseEGQaZNrxcQLGJwEFQcV3DNNiHaT3zcQy7p
2024-04-03 05:54:22,561:INFO:root:user : @trinityX147 requested a withdrawal of : 166979 to wallet 97t56MCU1QhnUtAAGtFMaGTPYq2N9VtH9gpGThJ1EGy
2024-04-03 05:56:24,006:INFO:root:user : @zedrt58 requested a withdrawal of : 52704 to wallet Dh2BkhZTseEGQaZNrxcQLGJwEFQcV3DNNiHaT3zcQy7p
2024-04-03 05:58:05,563:INFO:root:user : @Danktastic_21 requested a withdrawal of : 14015 to wallet 2xBtZGchsmw3uwnNfQ8uY1LBpcVFCZXGeVtCGNdAXqWq
2024-04-03 06:16:33,001:INFO:root:user : @zedrt58 requested a withdrawal of : 53473 to wallet Dh2BkhZTseEGQaZNrxcQLGJwEFQcV3DNNiHaT3zcQy7p
2024-04-03 06:46:45,459:INFO:root:user : @trinityX147 requested a withdrawal of : 168840 to wallet 97t56MCU1QhnUtAAGtFMaGTPYq2N9VtH9gpGThJ1EGy
2024-04-03 06:46:53,879:INFO:root:user : @trinityX147 requested a withdrawal of : 168840 to wallet 97t56MCU1QhnUtAAGtFMaGTPYq2N9VtH9gpGThJ1EGy
2024-04-03 07:19:36,291:INFO:root:user : @trinityX147 requested a withdrawal of : 168946 to wallet 97t56MCU1QhnUtAAGtFMaGTPYq2N9VtH9gpGThJ1EGy
2024-04-03 07:45:50,768:INFO:root:user : @trinityX147 requested a withdrawal of : 168946 to wallet 97t56MCU1QhnUtAAGtFMaGTPYq2N9VtH9gpGThJ1EGy
2024-04-03 08:42:11,462:INFO:root:user : @bigromio requested a withdrawal of : 274019 to wallet 745PKx8JxKXZCd5RSYjDAiRG2eiyK5B1DSpWxKfEq7q3
2024-04-03 09:12:03,140:INFO:root:user : @bigromio requested a withdrawal of : 274088 to wallet 745PKx8JxKXZCd5RSYjDAiRG2eiyK5B1DSpWxKfEq7q3
2024-04-03 09:15:36,748:INFO:root:user : @bahamassss requested a withdrawal of : 450034194 to wallet Gryp39vaKHbtD5pa46oYpjfvjdiwvUpnjtifTtvTCu7i
2024-04-03 10:19:55,827:INFO:root:user : @trinityX147 requested a withdrawal of : 185015 to wallet 97t56MCU1QhnUtAAGtFMaGTPYq2N9VtH9gpGThJ1EGy
2024-04-03 10:21:31,075:INFO:root:user : @Mykroblogger requested a withdrawal of : 303365 to wallet BLNoZvxEpsiBmDXCKbJwBFLzF8WxsSo7ANYA8rxD8SoG
2024-04-03 11:18:09,305:INFO:root:user : @zedrt58 requested a withdrawal of : 9717179 to wallet Dh2BkhZTseEGQaZNrxcQLGJwEFQcV3DNNiHaT3zcQy7p
2024-04-03 11:18:13,876:INFO:root:user : @zedrt58 requested a withdrawal of : 9717179 to wallet Dh2BkhZTseEGQaZNrxcQLGJwEFQcV3DNNiHaT3zcQy7p
2024-04-03 11:26:36,382:INFO:root:user : @Mykroblogger requested a withdrawal of : 9958537 to wallet BLNoZvxEpsiBmDXCKbJwBFLzF8WxsSo7ANYA8rxD8SoG
2024-04-03 12:40:06,699:INFO:root:user : @trinityX147 requested a withdrawal of : 1565404010 to wallet 97t56MCU1QhnUtAAGtFMaGTPYq2N9VtH9gpGThJ1EGy
2024-04-03 12:46:09,143:INFO:root:user : @luckygrind99 requested a withdrawal of : 1565506850 to wallet 9NwAyZnEi381Wg35UxzWDQUjRqGbsPUWMiKHw5LkDyVF
2024-04-03 12:46:16,986:INFO:root:user : @luckygrind99 requested a withdrawal of : 1565506850 to wallet 9NwAyZnEi381Wg35UxzWDQUjRqGbsPUWMiKHw5LkDyVF
2024-04-03 12:53:59,811:INFO:root:user : @Independent_Visions requested a withdrawal of : 9994579 to wallet 6sHRgfVytCv8UascPkLxsNmBPDiETiRCxjftdx372t5P
2024-04-03 12:59:08,983:INFO:root:user : @Bligga requested a withdrawal of : 1555555890 to wallet 6HtANYntaAn6P63iZrVKHHHH7qfoYYHDyujAZN4F9at
2024-04-03 13:02:09,760:INFO:root:user : @Bligga requested a withdrawal of : 1555557675 to wallet 6HtANYntaAn6P63iZrVKHHHH7qfoYYHDyujAZN4F9at
2024-04-03 13:06:49,890:INFO:root:user : @Bligga requested a withdrawal of : 1555557826 to wallet 6HtANYntaAn6P63iZrVKHHHH7qfoYYHDyujAZN4F9at
2024-04-03 13:07:26,734:INFO:root:user : @bahamassss requested a withdrawal of : 2014262777 to wallet Gryp39vaKHbtD5pa46oYpjfvjdiwvUpnjtifTtvTCu7i
2024-04-03 13:10:44,408:INFO:root:user : @checkermates requested a withdrawal of : 9838196 to wallet BvnAAnicL9FyMQR1fQXPc7xRrvAj9ovPvDWsmDhmmx8w
2024-04-03 13:27:03,753:INFO:root:user : @vuk94 requested a withdrawal of : 122635 to wallet bf1PPxZrJdrq3yRULhATxQFtg9t51f7BNZAgiQafCik
2024-04-03 13:27:23,645:INFO:root:user : @vuk94 requested a withdrawal of : 122635 to wallet bf1PPxZrJdrq3yRULhATxQFtg9t51f7BNZAgiQafCik
2024-04-03 14:39:11,768:INFO:root:user : @vuk94 requested a withdrawal of : 125426 to wallet bf1PPxZrJdrq3yRULhATxQFtg9t51f7BNZAgiQafCik
2024-04-03 15:28:14,703:INFO:root:user : @Danktastic_21 requested a withdrawal of : 1565796647 to wallet 2xBtZGchsmw3uwnNfQ8uY1LBpcVFCZXGeVtCGNdAXqWq
2024-04-03 15:37:14,215:INFO:root:user : @MDBerb requested a withdrawal of : 1565801628 to wallet 8mEs12gMqbAjBTaCEguUEZERnfq3NiV28nxkpar9dfU4
2024-04-03 15:39:35,102:INFO:root:user : @Danktastic_21 requested a withdrawal of : 1565798034 to wallet 2xBtZGchsmw3uwnNfQ8uY1LBpcVFCZXGeVtCGNdAXqWq
2024-04-03 15:47:26,376:INFO:root:user : @trinityX147 requested a withdrawal of : 1565616155 to wallet 97t56MCU1QhnUtAAGtFMaGTPYq2N9VtH9gpGThJ1EGy
2024-04-03 16:15:14,307:INFO:root:user : @LilMaku requested a withdrawal of : 11030 to wallet CvAeKtY6vw4NgSh9i3jgV8VKkc5fCy7JXoin9sdqGcQ3
2024-04-03 16:33:12,228:INFO:root:user : @CrypCon1 requested a withdrawal of : 1556168723 to wallet 8qa8A9gHkP98rithqNm3jYxWatrS8PbW92BDzwicHMZY
2024-04-03 16:42:22,056:INFO:root:user : @bigromio requested a withdrawal of : 7856713 to wallet 745PKx8JxKXZCd5RSYjDAiRG2eiyK5B1DSpWxKfEq7q3
2024-04-03 16:42:33,312:INFO:root:user : @bigromio requested a withdrawal of : 7856713 to wallet 745PKx8JxKXZCd5RSYjDAiRG2eiyK5B1DSpWxKfEq7q3
2024-04-03 16:59:26,933:INFO:root:user : @fernandoMRafael requested a withdrawal of : 1565459338 to wallet HPU93YMmVdow1uE3b2bk63iWAnzYo2KKDzdGhHXzJcuC
2024-04-03 17:03:34,924:INFO:root:user : @Bligga requested a withdrawal of : 1556565775 to wallet 6HtANYntaAn6P63iZrVKHHHH7qfoYYHDyujAZN4F9at
2024-04-03 17:26:10,265:INFO:root:user : @Danktastic_21 requested a withdrawal of : 1566624311 to wallet 2xBtZGchsmw3uwnNfQ8uY1LBpcVFCZXGeVtCGNdAXqWq
2024-04-03 17:44:05,372:INFO:root:user : @trinityX147 requested a withdrawal of : 1566120687 to wallet 97t56MCU1QhnUtAAGtFMaGTPYq2N9VtH9gpGThJ1EGy
2024-04-03 17:46:48,347:INFO:root:user : @vuk94 requested a withdrawal of : 954962 to wallet bf1PPxZrJdrq3yRULhATxQFtg9t51f7BNZAgiQafCik
2024-04-03 18:59:14,469:INFO:root:user : @Mykroblogger requested a withdrawal of : 1566531592 to wallet BLNoZvxEpsiBmDXCKbJwBFLzF8WxsSo7ANYA8rxD8SoG
2024-04-03 19:01:51,150:INFO:root:user : @CptBeardo requested a withdrawal of : 1577612623 to wallet BqLsmeizoaX3FsXdqvREcfQpTyJ95PmejmaCmYnMjthj
2024-04-03 19:33:15,323:INFO:root:user : @fernandoMRafael requested a withdrawal of : 1565459487 to wallet HPU93YMmVdow1uE3b2bk63iWAnzYo2KKDzdGhHXzJcuC
2024-04-03 19:57:04,632:INFO:root:user : @Hbkflaco requested a withdrawal of : 50000 to wallet AaxKXbM1LiLCkyPqMP622ajXYLzLJbk9pxZnyvMkLnrr
2024-04-03 19:57:10,908:INFO:root:user : @Hbkflaco requested a withdrawal of : 50000 to wallet AaxKXbM1LiLCkyPqMP622ajXYLzLJbk9pxZnyvMkLnrr
2024-04-03 19:57:44,795:INFO:root:user : @MDBerb requested a withdrawal of : 1566634434 to wallet 8mEs12gMqbAjBTaCEguUEZERnfq3NiV28nxkpar9dfU4
2024-04-03 20:10:39,215:INFO:root:user : @Hbkflaco requested a withdrawal of : 149170 to wallet AaxKXbM1LiLCkyPqMP622ajXYLzLJbk9pxZnyvMkLnrr
2024-04-03 20:14:29,450:INFO:root:user : @Danktastic_21 requested a withdrawal of : 1566983116 to wallet 2xBtZGchsmw3uwnNfQ8uY1LBpcVFCZXGeVtCGNdAXqWq
2024-04-03 20:29:49,573:DEBUG:asyncio:Using proactor: IocpProactor
2024-04-03 20:35:39,479:INFO:root:user : @CryptoSniper000 requested a withdrawal of : 26560048384 to wallet g3Eo1Bc4hVCDo6QhHEuL4EsjWJwLjmdqtzBYbL6VKtr
2024-04-03 20:45:46,044:INFO:root:user : @fernandoMRafael requested a withdrawal of : 1566653205 to wallet HPU93YMmVdow1uE3b2bk63iWAnzYo2KKDzdGhHXzJcuC
2024-04-03 20:46:14,393:INFO:root:user : @dorianelgas requested a withdrawal of : 70000 to wallet Cw5aqGiTGDFstNSt3MG9LiNBfJcJD7DDquRbsSLiYA4w
2024-04-03 20:46:29,326:INFO:root:user : @dorianelgas requested a withdrawal of : 70000 to wallet Cw5aqGiTGDFstNSt3MG9LiNBfJcJD7DDquRbsSLiYA4w
2024-04-03 21:10:57,500:INFO:root:user : @Elon_4_king requested a withdrawal of : 12970318 to wallet E9AWGWqz9tHweNo8iocTMnmznfgmUR2ovYVxiTK7aUSH
2024-04-03 21:11:10,794:INFO:root:user : @Elon_4_king requested a withdrawal of : 12970318 to wallet E9AWGWqz9tHweNo8iocTMnmznfgmUR2ovYVxiTK7aUSH
2024-04-03 21:30:17,262:INFO:root:user : @CrypCon1 requested a withdrawal of : 1557822440 to wallet 8qa8A9gHkP98rithqNm3jYxWatrS8PbW92BDzwicHMZY
2024-04-03 21:30:29,637:INFO:root:user : @CrypCon1 requested a withdrawal of : 1557822440 to wallet 8qa8A9gHkP98rithqNm3jYxWatrS8PbW92BDzwicHMZY
2024-04-03 21:30:43,122:INFO:root:user : @CrypCon1 requested a withdrawal of : 1557822440 to wallet 8qa8A9gHkP98rithqNm3jYxWatrS8PbW92BDzwicHMZY
2024-04-03 21:30:47,938:INFO:root:user : @CrypCon1 requested a withdrawal of : 1557822440 to wallet 8qa8A9gHkP98rithqNm3jYxWatrS8PbW92BDzwicHMZY
2024-04-03 21:51:37,505:INFO:root:user : @Elon_4_king requested a withdrawal of : 12972553 to wallet E9AWGWqz9tHweNo8iocTMnmznfgmUR2ovYVxiTK7aUSH
2024-04-03 22:21:10,686:INFO:root:user : @stankirilov requested a withdrawal of : 1473 to wallet HXQR7VXeVXbCqUfRmj4xfhBcdHTeQUXTeizS7KzEgLX5
2024-04-03 22:30:33,819:INFO:root:user : @Elon_4_king requested a withdrawal of : 12972553 to wallet E9AWGWqz9tHweNo8iocTMnmznfgmUR2ovYVxiTK7aUSH
2024-04-03 22:52:46,787:INFO:root:user : @Elon_4_king requested a withdrawal of : 12972900 to wallet E9AWGWqz9tHweNo8iocTMnmznfgmUR2ovYVxiTK7aUSH
2024-04-03 22:52:52,712:INFO:root:user : @Elon_4_king requested a withdrawal of : 12972900 to wallet E9AWGWqz9tHweNo8iocTMnmznfgmUR2ovYVxiTK7aUSH
2024-04-03 23:26:27,724:INFO:root:user : @CrypCon1 requested a withdrawal of : 1557823643 to wallet 8qa8A9gHkP98rithqNm3jYxWatrS8PbW92BDzwicHMZY
2024-04-03 23:48:33,384:INFO:root:user : @bigromio requested a withdrawal of : 9203845 to wallet 745PKx8JxKXZCd5RSYjDAiRG2eiyK5B1DSpWxKfEq7q3
2024-04-03 23:48:44,353:INFO:root:user : @bigromio requested a withdrawal of : 9203845 to wallet 745PKx8JxKXZCd5RSYjDAiRG2eiyK5B1DSpWxKfEq7q3
2024-04-04 01:38:58,682:INFO:root:user : @purpleairr requested a withdrawal of : 1577919235 to wallet BVEa82WSEFBhSxjhGw7NJJtSj2HAbZ4mWLufgmGk7GDF
2024-04-04 01:42:32,607:INFO:root:user : @Elon_4_king requested a withdrawal of : 12974910 to wallet E9AWGWqz9tHweNo8iocTMnmznfgmUR2ovYVxiTK7aUSH
2024-04-04 02:43:30,096:INFO:root:user : @purpleairr requested a withdrawal of : 1577919235 to wallet BVEa82WSEFBhSxjhGw7NJJtSj2HAbZ4mWLufgmGk7GDF
2024-04-04 02:44:16,567:ERROR:TeleBot:A request to the Telegram API was unsuccessful. Error code: 400. Description: Bad Request: message to delete not found
2024-04-04 03:32:25,272:INFO:root:user : @Danktastic_21 requested a withdrawal of : 1567061628 to wallet 2xBtZGchsmw3uwnNfQ8uY1LBpcVFCZXGeVtCGNdAXqWq
2024-04-04 04:22:44,444:INFO:root:user : @Hbkflaco requested a withdrawal of : 543640 to wallet AaxKXbM1LiLCkyPqMP622ajXYLzLJbk9pxZnyvMkLnrr
2024-04-04 04:22:58,534:INFO:root:user : @Hbkflaco requested a withdrawal of : 543640 to wallet AaxKXbM1LiLCkyPqMP622ajXYLzLJbk9pxZnyvMkLnrr
2024-04-04 05:16:14,682:INFO:root:user : @Bligga requested a withdrawal of : 1557360261 to wallet 6HtANYntaAn6P63iZrVKHHHH7qfoYYHDyujAZN4F9at
2024-04-04 07:27:01,994:INFO:root:user : @trinityX147 requested a withdrawal of : 1566946175 to wallet 97t56MCU1QhnUtAAGtFMaGTPYq2N9VtH9gpGThJ1EGy
2024-04-04 08:30:24,794:INFO:root:user : @Mykroblogger requested a withdrawal of : 1567299076 to wallet BLNoZvxEpsiBmDXCKbJwBFLzF8WxsSo7ANYA8rxD8SoG
2024-04-04 12:01:19,819:INFO:root:user : @Bligga requested a withdrawal of : 1557368686 to wallet 6HtANYntaAn6P63iZrVKHHHH7qfoYYHDyujAZN4F9at
2024-04-04 12:27:14,738:INFO:root:user : @prixodd requested a withdrawal of : 2654 to wallet 9njwaNXb3BZfJTBtgkzRdEsG6HRS7NFfqBGmCZ2FkmeD
2024-04-04 12:37:26,875:INFO:root:user : @Mossneon requested a withdrawal of : 1567814183 to wallet 6qdCwkjd7rehKaFkK77yjjKd9MEeiq1KE6aRJqKBsPMM
2024-04-04 12:44:52,261:INFO:root:user : @MDBerb requested a withdrawal of : 1567080700 to wallet 8mEs12gMqbAjBTaCEguUEZERnfq3NiV28nxkpar9dfU4
2024-04-04 14:36:47,295:INFO:root:user : @Youngkolly requested a withdrawal of : 2318080 to wallet GhShc7pY7eZJBK8LtZfTQT4pFuhewmw6gNJ54kBMuc7x
2024-04-04 14:40:02,149:INFO:root:user : @Hbkflaco requested a withdrawal of : 555470 to wallet AaxKXbM1LiLCkyPqMP622ajXYLzLJbk9pxZnyvMkLnrr
2024-04-04 14:42:09,499:INFO:root:user : @Hbkflaco requested a withdrawal of : 555470 to wallet AaxKXbM1LiLCkyPqMP622ajXYLzLJbk9pxZnyvMkLnrr
2024-04-04 14:46:11,532:INFO:root:user : @Hbkflaco requested a withdrawal of : 555472 to wallet AaxKXbM1LiLCkyPqMP622ajXYLzLJbk9pxZnyvMkLnrr
2024-04-04 14:49:45,105:INFO:root:user : @SatoshiNakamotor requested a withdrawal of : 2132295 to wallet F4XFG6VdwjpueoCgRV9QQFiharEUZCFdnaDs76fjtY5r
